{"/home/www/apps/shared-modules/src/index.ts": {"path":"/home/www/apps/shared-modules/src/index.ts","statementMap":{"0":{"start":{"line":2,"column":0},"end":{"line":2,"column":9}},"1":{"start":{"line":2,"column":9},"end":{"line":2,"column":21}},"2":{"start":{"line":2,"column":21},"end":{"line":2,"column":34}},"3":{"start":{"line":2,"column":34},"end":{"line":2,"column":78}},"4":{"start":{"line":6,"column":0},"end":{"line":6,"column":9}},"5":{"start":{"line":6,"column":9},"end":{"line":6,"column":15}},"6":{"start":{"line":6,"column":15},"end":{"line":6,"column":22}},"7":{"start":{"line":6,"column":22},"end":{"line":6,"column":32}},"8":{"start":{"line":6,"column":32},"end":{"line":6,"column":70}},"9":{"start":{"line":9,"column":0},"end":{"line":9,"column":9}},"10":{"start":{"line":9,"column":9},"end":{"line":9,"column":20}},"11":{"start":{"line":9,"column":20},"end":{"line":9,"column":43}},"12":{"start":{"line":9,"column":43},"end":{"line":9,"column":92}}},"fnMap":{"0":{"name":"(anonymous_0)","decl":{"start":{"line":2,"column":9},"end":{"line":2,"column":19}},"loc":{"start":{"line":2,"column":9},"end":{"line":2,"column":21}}},"1":{"name":"(anonymous_1)","decl":{"start":{"line":2,"column":21},"end":{"line":2,"column":32}},"loc":{"start":{"line":2,"column":21},"end":{"line":2,"column":34}}},"2":{"name":"(anonymous_2)","decl":{"start":{"line":2,"column":34},"end":{"line":2,"column":52}},"loc":{"start":{"line":2,"column":34},"end":{"line":2,"column":78}}},"3":{"name":"(anonymous_3)","decl":{"start":{"line":6,"column":9},"end":{"line":6,"column":13}},"loc":{"start":{"line":6,"column":9},"end":{"line":6,"column":15}}},"4":{"name":"(anonymous_4)","decl":{"start":{"line":6,"column":15},"end":{"line":6,"column":20}},"loc":{"start":{"line":6,"column":15},"end":{"line":6,"column":22}}},"5":{"name":"(anonymous_5)","decl":{"start":{"line":6,"column":22},"end":{"line":6,"column":30}},"loc":{"start":{"line":6,"column":22},"end":{"line":6,"column":32}}},"6":{"name":"(anonymous_6)","decl":{"start":{"line":6,"column":32},"end":{"line":6,"column":39}},"loc":{"start":{"line":6,"column":32},"end":{"line":6,"column":70}}},"7":{"name":"(anonymous_7)","decl":{"start":{"line":9,"column":9},"end":{"line":9,"column":18}},"loc":{"start":{"line":9,"column":9},"end":{"line":9,"column":20}}},"8":{"name":"(anonymous_8)","decl":{"start":{"line":9,"column":20},"end":{"line":9,"column":41}},"loc":{"start":{"line":9,"column":20},"end":{"line":9,"column":43}}},"9":{"name":"(anonymous_9)","decl":{"start":{"line":9,"column":43},"end":{"line":9,"column":65}},"loc":{"start":{"line":9,"column":43},"end":{"line":9,"column":92}}}},"branchMap":{},"s":{"0":0,"1":0,"2":0,"3":0,"4":0,"5":0,"6":0,"7":0,"8":0,"9":0,"10":0,"11":0,"12":0},"f":{"0":0,"1":0,"2":0,"3":0,"4":0,"5":0,"6":0,"7":0,"8":0,"9":0},"b":{}}
,"/home/www/apps/shared-modules/src/auth/auth.plugin.ts": {"path":"/home/www/apps/shared-modules/src/auth/auth.plugin.ts","statementMap":{"0":{"start":{"line":29,"column":0},"end":{"line":29,"column":7}},"1":{"start":{"line":2,"column":0},"end":{"line":2,"column":38}},"2":{"start":{"line":3,"column":0},"end":{"line":3,"column":44}},"3":{"start":{"line":4,"column":0},"end":{"line":4,"column":54}},"4":{"start":{"line":30,"column":29},"end":{"line":36,"column":4}},"5":{"start":{"line":39,"column":2},"end":{"line":41,"column":5}},"6":{"start":{"line":44,"column":2},"end":{"line":47,"column":5}},"7":{"start":{"line":50,"column":2},"end":{"line":56,"column":5}},"8":{"start":{"line":51,"column":4},"end":{"line":55,"column":5}},"9":{"start":{"line":52,"column":6},"end":{"line":52,"column":32}},"10":{"start":{"line":54,"column":6},"end":{"line":54,"column":74}},"11":{"start":{"line":59,"column":2},"end":{"line":59,"column":38}},"12":{"start":{"line":62,"column":0},"end":{"line":62,"column":26}}},"fnMap":{"0":{"name":"authPlugin","decl":{"start":{"line":29,"column":22},"end":{"line":29,"column":32}},"loc":{"start":{"line":29,"column":85},"end":{"line":60,"column":1}}},"1":{"name":"(anonymous_2)","decl":{"start":{"line":50,"column":35},"end":{"line":50,"column":40}},"loc":{"start":{"line":50,"column":95},"end":{"line":56,"column":3}}}},"branchMap":{"0":{"loc":{"start":{"line":32,"column":18},"end":{"line":32,"column":47}},"type":"binary-expr","locations":[{"start":{"line":32,"column":18},"end":{"line":32,"column":38}},{"start":{"line":32,"column":42},"end":{"line":32,"column":47}}]},"1":{"loc":{"start":{"line":33,"column":27},"end":{"line":33,"column":64}},"type":"binary-expr","locations":[{"start":{"line":33,"column":27},"end":{"line":33,"column":56}},{"start":{"line":33,"column":60},"end":{"line":33,"column":64}}]},"2":{"loc":{"start":{"line":34,"column":18},"end":{"line":34,"column":44}},"type":"binary-expr","locations":[{"start":{"line":34,"column":18},"end":{"line":34,"column":38}},{"start":{"line":34,"column":42},"end":{"line":34,"column":44}}]},"3":{"loc":{"start":{"line":45,"column":12},"end":{"line":45,"column":52}},"type":"binary-expr","locations":[{"start":{"line":45,"column":12},"end":{"line":45,"column":32}},{"start":{"line":45,"column":36},"end":{"line":45,"column":52}}]}},"s":{"0":1,"1":1,"2":1,"3":1,"4":1,"5":1,"6":1,"7":1,"8":5,"9":5,"10":3,"11":1,"12":1},"f":{"0":1,"1":5},"b":{"0":[1,0],"1":[1,0],"2":[1,0],"3":[1,0]}}
,"/home/www/apps/shared-modules/src/auth/auth.routes.ts": {"path":"/home/www/apps/shared-modules/src/auth/auth.routes.ts","statementMap":{"0":{"start":{"line":76,"column":0},"end":{"line":76,"column":16}},"1":{"start":{"line":2,"column":0},"end":{"line":2,"column":48}},"2":{"start":{"line":13,"column":23},"end":{"line":22,"column":2}},"3":{"start":{"line":24,"column":20},"end":{"line":33,"column":2}},"4":{"start":{"line":35,"column":29},"end":{"line":43,"column":2}},"5":{"start":{"line":45,"column":28},"end":{"line":54,"column":2}},"6":{"start":{"line":56,"column":26},"end":{"line":64,"column":2}},"7":{"start":{"line":66,"column":27},"end":{"line":74,"column":2}},"8":{"start":{"line":77,"column":22},"end":{"line":81,"column":null}},"9":{"start":{"line":80,"column":6},"end":{"line":80,"column":40}},"10":{"start":{"line":81,"column":23},"end":{"line":81,"column":85}},"11":{"start":{"line":85,"column":2},"end":{"line":98,"column":4}},"12":{"start":{"line":89,"column":34},"end":{"line":89,"column":46}},"13":{"start":{"line":90,"column":21},"end":{"line":90,"column":64}},"14":{"start":{"line":92,"column":6},"end":{"line":94,"column":7}},"15":{"start":{"line":93,"column":8},"end":{"line":93,"column":46}},"16":{"start":{"line":96,"column":6},"end":{"line":96,"column":44}},"17":{"start":{"line":101,"column":2},"end":{"line":114,"column":4}},"18":{"start":{"line":105,"column":24},"end":{"line":105,"column":36}},"19":{"start":{"line":106,"column":21},"end":{"line":106,"column":57}},"20":{"start":{"line":108,"column":6},"end":{"line":110,"column":7}},"21":{"start":{"line":109,"column":8},"end":{"line":109,"column":46}},"22":{"start":{"line":112,"column":6},"end":{"line":112,"column":32}},"23":{"start":{"line":117,"column":2},"end":{"line":125,"column":4}},"24":{"start":{"line":121,"column":24},"end":{"line":121,"column":36}},"25":{"start":{"line":122,"column":21},"end":{"line":122,"column":69}},"26":{"start":{"line":123,"column":6},"end":{"line":123,"column":32}},"27":{"start":{"line":128,"column":2},"end":{"line":157,"column":4}},"28":{"start":{"line":132,"column":34},"end":{"line":132,"column":46}},"29":{"start":{"line":133,"column":21},"end":{"line":133,"column":61}},"30":{"start":{"line":135,"column":6},"end":{"line":137,"column":7}},"31":{"start":{"line":136,"column":8},"end":{"line":136,"column":46}},"32":{"start":{"line":140,"column":6},"end":{"line":148,"column":7}},"33":{"start":{"line":141,"column":8},"end":{"line":147,"column":11}},"34":{"start":{"line":150,"column":6},"end":{"line":155,"column":9}},"35":{"start":{"line":160,"column":2},"end":{"line":195,"column":4}},"36":{"start":{"line":165,"column":27},"end":{"line":165,"column":84}},"37":{"start":{"line":167,"column":6},"end":{"line":169,"column":7}},"38":{"start":{"line":168,"column":8},"end":{"line":168,"column":93}},"39":{"start":{"line":171,"column":21},"end":{"line":171,"column":66}},"40":{"start":{"line":173,"column":6},"end":{"line":176,"column":7}},"41":{"start":{"line":174,"column":8},"end":{"line":174,"column":61}},"42":{"start":{"line":175,"column":8},"end":{"line":175,"column":46}},"43":{"start":{"line":179,"column":6},"end":{"line":187,"column":7}},"44":{"start":{"line":180,"column":8},"end":{"line":186,"column":11}},"45":{"start":{"line":189,"column":6},"end":{"line":193,"column":9}},"46":{"start":{"line":198,"column":2},"end":{"line":206,"column":4}},"47":{"start":{"line":202,"column":24},"end":{"line":202,"column":36}},"48":{"start":{"line":203,"column":21},"end":{"line":203,"column":60}},"49":{"start":{"line":204,"column":6},"end":{"line":204,"column":32}},"50":{"start":{"line":209,"column":2},"end":{"line":222,"column":4}},"51":{"start":{"line":213,"column":34},"end":{"line":213,"column":46}},"52":{"start":{"line":214,"column":21},"end":{"line":214,"column":69}},"53":{"start":{"line":216,"column":6},"end":{"line":218,"column":7}},"54":{"start":{"line":217,"column":8},"end":{"line":217,"column":46}},"55":{"start":{"line":220,"column":6},"end":{"line":220,"column":32}},"56":{"start":{"line":225,"column":2},"end":{"line":237,"column":4}},"57":{"start":{"line":228,"column":27},"end":{"line":228,"column":55}},"58":{"start":{"line":230,"column":6},"end":{"line":232,"column":7}},"59":{"start":{"line":231,"column":8},"end":{"line":231,"column":47}},"60":{"start":{"line":234,"column":6},"end":{"line":234,"column":59}},"61":{"start":{"line":235,"column":6},"end":{"line":235,"column":79}},"62":{"start":{"line":240,"column":2},"end":{"line":250,"column":4}},"63":{"start":{"line":244,"column":19},"end":{"line":244,"column":53}},"64":{"start":{"line":245,"column":21},"end":{"line":245,"column":61}},"65":{"start":{"line":247,"column":6},"end":{"line":247,"column":59}},"66":{"start":{"line":248,"column":6},"end":{"line":248,"column":32}},"67":{"start":{"line":253,"column":2},"end":{"line":259,"column":4}},"68":{"start":{"line":257,"column":6},"end":{"line":257,"column":63}}},"fnMap":{"0":{"name":"registerAuthRoutes","decl":{"start":{"line":76,"column":16},"end":{"line":76,"column":34}},"loc":{"start":{"line":76,"column":79},"end":{"line":260,"column":1}}},"1":{"name":"(anonymous_1)","decl":{"start":{"line":79,"column":4},"end":{"line":79,"column":5}},"loc":{"start":{"line":80,"column":6},"end":{"line":80,"column":40}}},"2":{"name":"(anonymous_2)","decl":{"start":{"line":81,"column":4},"end":{"line":81,"column":5}},"loc":{"start":{"line":81,"column":23},"end":{"line":81,"column":85}}},"3":{"name":"(anonymous_3)","decl":{"start":{"line":88,"column":4},"end":{"line":88,"column":9}},"loc":{"start":{"line":88,"column":29},"end":{"line":97,"column":5}}},"4":{"name":"(anonymous_4)","decl":{"start":{"line":104,"column":4},"end":{"line":104,"column":9}},"loc":{"start":{"line":104,"column":29},"end":{"line":113,"column":5}}},"5":{"name":"(anonymous_5)","decl":{"start":{"line":120,"column":4},"end":{"line":120,"column":9}},"loc":{"start":{"line":120,"column":29},"end":{"line":124,"column":5}}},"6":{"name":"(anonymous_6)","decl":{"start":{"line":131,"column":4},"end":{"line":131,"column":9}},"loc":{"start":{"line":131,"column":29},"end":{"line":156,"column":5}}},"7":{"name":"(anonymous_7)","decl":{"start":{"line":163,"column":4},"end":{"line":163,"column":9}},"loc":{"start":{"line":163,"column":29},"end":{"line":194,"column":5}}},"8":{"name":"(anonymous_8)","decl":{"start":{"line":201,"column":4},"end":{"line":201,"column":9}},"loc":{"start":{"line":201,"column":29},"end":{"line":205,"column":5}}},"9":{"name":"(anonymous_9)","decl":{"start":{"line":212,"column":4},"end":{"line":212,"column":9}},"loc":{"start":{"line":212,"column":29},"end":{"line":221,"column":5}}},"10":{"name":"(anonymous_10)","decl":{"start":{"line":227,"column":4},"end":{"line":227,"column":9}},"loc":{"start":{"line":227,"column":29},"end":{"line":236,"column":5}}},"11":{"name":"(anonymous_11)","decl":{"start":{"line":243,"column":4},"end":{"line":243,"column":9}},"loc":{"start":{"line":243,"column":59},"end":{"line":249,"column":5}}},"12":{"name":"(anonymous_12)","decl":{"start":{"line":256,"column":4},"end":{"line":256,"column":9}},"loc":{"start":{"line":256,"column":59},"end":{"line":258,"column":5}}}},"branchMap":{"0":{"loc":{"start":{"line":92,"column":6},"end":{"line":94,"column":7}},"type":"if","locations":[{"start":{"line":92,"column":6},"end":{"line":94,"column":7}},{"start":{},"end":{}}]},"1":{"loc":{"start":{"line":108,"column":6},"end":{"line":110,"column":7}},"type":"if","locations":[{"start":{"line":108,"column":6},"end":{"line":110,"column":7}},{"start":{},"end":{}}]},"2":{"loc":{"start":{"line":135,"column":6},"end":{"line":137,"column":7}},"type":"if","locations":[{"start":{"line":135,"column":6},"end":{"line":137,"column":7}},{"start":{},"end":{}}]},"3":{"loc":{"start":{"line":140,"column":6},"end":{"line":148,"column":7}},"type":"if","locations":[{"start":{"line":140,"column":6},"end":{"line":148,"column":7}},{"start":{},"end":{}}]},"4":{"loc":{"start":{"line":165,"column":27},"end":{"line":165,"column":84}},"type":"binary-expr","locations":[{"start":{"line":165,"column":27},"end":{"line":165,"column":55}},{"start":{"line":165,"column":59},"end":{"line":165,"column":84}}]},"5":{"loc":{"start":{"line":167,"column":6},"end":{"line":169,"column":7}},"type":"if","locations":[{"start":{"line":167,"column":6},"end":{"line":169,"column":7}},{"start":{},"end":{}}]},"6":{"loc":{"start":{"line":173,"column":6},"end":{"line":176,"column":7}},"type":"if","locations":[{"start":{"line":173,"column":6},"end":{"line":176,"column":7}},{"start":{},"end":{}}]},"7":{"loc":{"start":{"line":179,"column":6},"end":{"line":187,"column":7}},"type":"if","locations":[{"start":{"line":179,"column":6},"end":{"line":187,"column":7}},{"start":{},"end":{}}]},"8":{"loc":{"start":{"line":216,"column":6},"end":{"line":218,"column":7}},"type":"if","locations":[{"start":{"line":216,"column":6},"end":{"line":218,"column":7}},{"start":{},"end":{}}]},"9":{"loc":{"start":{"line":230,"column":6},"end":{"line":232,"column":7}},"type":"if","locations":[{"start":{"line":230,"column":6},"end":{"line":232,"column":7}},{"start":{},"end":{}}]}},"s":{"0":1,"1":1,"2":1,"3":1,"4":1,"5":1,"6":1,"7":1,"8":1,"9":11,"10":0,"11":1,"12":19,"13":19,"14":19,"15":1,"16":18,"17":1,"18":1,"19":1,"20":1,"21":1,"22":0,"23":1,"24":0,"25":0,"26":0,"27":1,"28":12,"29":12,"30":12,"31":3,"32":9,"33":9,"34":9,"35":1,"36":4,"37":4,"38":0,"39":4,"40":4,"41":2,"42":2,"43":2,"44":2,"45":2,"46":1,"47":2,"48":2,"49":2,"50":1,"51":1,"52":1,"53":1,"54":1,"55":0,"56":1,"57":1,"58":1,"59":0,"60":1,"61":1,"62":1,"63":1,"64":1,"65":1,"66":1,"67":1,"68":1},"f":{"0":1,"1":11,"2":0,"3":19,"4":1,"5":0,"6":12,"7":4,"8":2,"9":1,"10":1,"11":1,"12":1},"b":{"0":[1,18],"1":[1,0],"2":[3,9],"3":[9,0],"4":[4,4],"5":[0,4],"6":[2,2],"7":[2,0],"8":[1,0],"9":[0,1]}}
,"/home/www/apps/shared-modules/src/auth/auth.service.ts": {"path":"/home/www/apps/shared-modules/src/auth/auth.service.ts","statementMap":{"0":{"start":{"line":1,"column":0},"end":{"line":1,"column":30}},"1":{"start":{"line":3,"column":0},"end":{"line":3,"column":28}},"2":{"start":{"line":4,"column":0},"end":{"line":4,"column":65}},"3":{"start":{"line":5,"column":0},"end":{"line":5,"column":82}},"4":{"start":{"line":24,"column":4},"end":{"line":24,"column":25}},"5":{"start":{"line":25,"column":4},"end":{"line":25,"column":27}},"6":{"start":{"line":26,"column":4},"end":{"line":26,"column":31}},"7":{"start":{"line":30,"column":4},"end":{"line":30,"column":50}},"8":{"start":{"line":34,"column":4},"end":{"line":34,"column":67}},"9":{"start":{"line":38,"column":18},"end":{"line":38,"column":52}},"10":{"start":{"line":39,"column":4},"end":{"line":39,"column":38}},"11":{"start":{"line":39,"column":16},"end":{"line":39,"column":38}},"12":{"start":{"line":41,"column":18},"end":{"line":41,"column":36}},"13":{"start":{"line":42,"column":17},"end":{"line":42,"column":25}},"14":{"start":{"line":44,"column":4},"end":{"line":50,"column":5}},"15":{"start":{"line":45,"column":16},"end":{"line":45,"column":36}},"16":{"start":{"line":46,"column":16},"end":{"line":46,"column":41}},"17":{"start":{"line":47,"column":16},"end":{"line":47,"column":46}},"18":{"start":{"line":48,"column":16},"end":{"line":48,"column":51}},"19":{"start":{"line":49,"column":15},"end":{"line":49,"column":37}},"20":{"start":{"line":55,"column":25},"end":{"line":57,"column":null}},"21":{"start":{"line":60,"column":4},"end":{"line":62,"column":5}},"22":{"start":{"line":61,"column":6},"end":{"line":61,"column":69}},"23":{"start":{"line":65,"column":25},"end":{"line":65,"column":78}},"24":{"start":{"line":68,"column":30},"end":{"line":68,"column":50}},"25":{"start":{"line":69,"column":32},"end":{"line":69,"column":74}},"26":{"start":{"line":72,"column":17},"end":{"line":76,"column":null}},"27":{"start":{"line":79,"column":4},"end":{"line":81,"column":5}},"28":{"start":{"line":80,"column":6},"end":{"line":80,"column":66}},"29":{"start":{"line":84,"column":4},"end":{"line":84,"column":78}},"30":{"start":{"line":86,"column":4},"end":{"line":90,"column":6}},"31":{"start":{"line":94,"column":22},"end":{"line":94,"column":43}},"32":{"start":{"line":96,"column":17},"end":{"line":100,"column":null}},"33":{"start":{"line":103,"column":4},"end":{"line":105,"column":5}},"34":{"start":{"line":104,"column":6},"end":{"line":104,"column":71}},"35":{"start":{"line":107,"column":4},"end":{"line":109,"column":5}},"36":{"start":{"line":108,"column":6},"end":{"line":108,"column":67}},"37":{"start":{"line":111,"column":4},"end":{"line":113,"column":5}},"38":{"start":{"line":112,"column":6},"end":{"line":112,"column":75}},"39":{"start":{"line":115,"column":4},"end":{"line":120,"column":6}},"40":{"start":{"line":122,"column":4},"end":{"line":122,"column":69}},"41":{"start":{"line":126,"column":17},"end":{"line":128,"column":null}},"42":{"start":{"line":131,"column":4},"end":{"line":134,"column":5}},"43":{"start":{"line":133,"column":6},"end":{"line":133,"column":109}},"44":{"start":{"line":136,"column":4},"end":{"line":138,"column":5}},"45":{"start":{"line":137,"column":6},"end":{"line":137,"column":70}},"46":{"start":{"line":140,"column":30},"end":{"line":140,"column":50}},"47":{"start":{"line":141,"column":32},"end":{"line":141,"column":74}},"48":{"start":{"line":143,"column":4},"end":{"line":148,"column":6}},"49":{"start":{"line":150,"column":4},"end":{"line":150,"column":78}},"50":{"start":{"line":152,"column":4},"end":{"line":152,"column":107}},"51":{"start":{"line":156,"column":17},"end":{"line":158,"column":null}},"52":{"start":{"line":161,"column":4},"end":{"line":163,"column":5}},"53":{"start":{"line":162,"column":6},"end":{"line":162,"column":70}},"54":{"start":{"line":165,"column":28},"end":{"line":165,"column":78}},"55":{"start":{"line":166,"column":4},"end":{"line":168,"column":5}},"56":{"start":{"line":167,"column":6},"end":{"line":167,"column":70}},"57":{"start":{"line":170,"column":4},"end":{"line":172,"column":5}},"58":{"start":{"line":171,"column":6},"end":{"line":171,"column":87}},"59":{"start":{"line":174,"column":19},"end":{"line":174,"column":69}},"60":{"start":{"line":176,"column":4},"end":{"line":181,"column":6}},"61":{"start":{"line":185,"column":22},"end":{"line":185,"column":50}},"62":{"start":{"line":187,"column":24},"end":{"line":191,"column":null}},"63":{"start":{"line":194,"column":4},"end":{"line":196,"column":5}},"64":{"start":{"line":195,"column":6},"end":{"line":195,"column":66}},"65":{"start":{"line":198,"column":4},"end":{"line":202,"column":5}},"66":{"start":{"line":200,"column":6},"end":{"line":200,"column":106}},"67":{"start":{"line":201,"column":6},"end":{"line":201,"column":98}},"68":{"start":{"line":204,"column":4},"end":{"line":206,"column":5}},"69":{"start":{"line":205,"column":6},"end":{"line":205,"column":70}},"70":{"start":{"line":209,"column":4},"end":{"line":209,"column":94}},"71":{"start":{"line":212,"column":17},"end":{"line":212,"column":105}},"72":{"start":{"line":213,"column":4},"end":{"line":215,"column":5}},"73":{"start":{"line":214,"column":6},"end":{"line":214,"column":59}},"74":{"start":{"line":218,"column":19},"end":{"line":218,"column":69}},"75":{"start":{"line":220,"column":4},"end":{"line":220,"column":66}},"76":{"start":{"line":224,"column":22},"end":{"line":224,"column":50}},"77":{"start":{"line":226,"column":19},"end":{"line":228,"column":null}},"78":{"start":{"line":231,"column":4},"end":{"line":233,"column":5}},"79":{"start":{"line":232,"column":6},"end":{"line":232,"column":66}},"80":{"start":{"line":235,"column":4},"end":{"line":235,"column":65}},"81":{"start":{"line":239,"column":4},"end":{"line":239,"column":91}},"82":{"start":{"line":240,"column":4},"end":{"line":240,"column":65}},"83":{"start":{"line":244,"column":17},"end":{"line":244,"column":101}},"84":{"start":{"line":247,"column":27},"end":{"line":247,"column":96}},"85":{"start":{"line":249,"column":4},"end":{"line":251,"column":5}},"86":{"start":{"line":250,"column":6},"end":{"line":250,"column":56}},"87":{"start":{"line":253,"column":23},"end":{"line":253,"column":43}},"88":{"start":{"line":254,"column":25},"end":{"line":254,"column":62}},"89":{"start":{"line":256,"column":4},"end":{"line":261,"column":6}},"90":{"start":{"line":263,"column":4},"end":{"line":263,"column":72}},"91":{"start":{"line":265,"column":4},"end":{"line":265,"column":54}},"92":{"start":{"line":269,"column":22},"end":{"line":269,"column":43}},"93":{"start":{"line":271,"column":17},"end":{"line":275,"column":null}},"94":{"start":{"line":278,"column":4},"end":{"line":280,"column":5}},"95":{"start":{"line":279,"column":6},"end":{"line":279,"column":75}},"96":{"start":{"line":282,"column":4},"end":{"line":284,"column":5}},"97":{"start":{"line":283,"column":6},"end":{"line":283,"column":68}},"98":{"start":{"line":286,"column":25},"end":{"line":286,"column":81}},"99":{"start":{"line":288,"column":4},"end":{"line":293,"column":6}},"100":{"start":{"line":296,"column":4},"end":{"line":296,"column":92}},"101":{"start":{"line":298,"column":4},"end":{"line":298,"column":106}},"102":{"start":{"line":303,"column":24},"end":{"line":305,"column":null}},"103":{"start":{"line":309,"column":25},"end":{"line":309,"column":45}},"104":{"start":{"line":310,"column":29},"end":{"line":310,"column":57}},"105":{"start":{"line":311,"column":22},"end":{"line":311,"column":99}},"106":{"start":{"line":314,"column":4},"end":{"line":318,"column":6}},"107":{"start":{"line":320,"column":4},"end":{"line":320,"column":41}},"108":{"start":{"line":324,"column":19},"end":{"line":325,"column":null}},"109":{"start":{"line":327,"column":4},"end":{"line":327,"column":18}},"110":{"start":{"line":14,"column":0},"end":{"line":14,"column":13}}},"fnMap":{"0":{"name":"(anonymous_1)","decl":{"start":{"line":19,"column":2},"end":{"line":19,"column":null}},"loc":{"start":{"line":22,"column":44},"end":{"line":27,"column":3}}},"1":{"name":"(anonymous_2)","decl":{"start":{"line":29,"column":10},"end":{"line":29,"column":23}},"loc":{"start":{"line":29,"column":23},"end":{"line":31,"column":3}}},"2":{"name":"(anonymous_3)","decl":{"start":{"line":33,"column":10},"end":{"line":33,"column":19}},"loc":{"start":{"line":33,"column":33},"end":{"line":35,"column":3}}},"3":{"name":"(anonymous_4)","decl":{"start":{"line":37,"column":10},"end":{"line":37,"column":24}},"loc":{"start":{"line":37,"column":42},"end":{"line":51,"column":3}}},"4":{"name":"(anonymous_5)","decl":{"start":{"line":53,"column":2},"end":{"line":53,"column":7}},"loc":{"start":{"line":53,"column":48},"end":{"line":91,"column":3}}},"5":{"name":"(anonymous_6)","decl":{"start":{"line":93,"column":2},"end":{"line":93,"column":7}},"loc":{"start":{"line":93,"column":33},"end":{"line":123,"column":3}}},"6":{"name":"(anonymous_7)","decl":{"start":{"line":125,"column":2},"end":{"line":125,"column":7}},"loc":{"start":{"line":125,"column":45},"end":{"line":153,"column":3}}},"7":{"name":"(anonymous_8)","decl":{"start":{"line":155,"column":2},"end":{"line":155,"column":7}},"loc":{"start":{"line":155,"column":45},"end":{"line":182,"column":3}}},"8":{"name":"(anonymous_9)","decl":{"start":{"line":184,"column":2},"end":{"line":184,"column":7}},"loc":{"start":{"line":184,"column":42},"end":{"line":221,"column":3}}},"9":{"name":"(anonymous_10)","decl":{"start":{"line":223,"column":2},"end":{"line":223,"column":7}},"loc":{"start":{"line":223,"column":35},"end":{"line":236,"column":3}}},"10":{"name":"(anonymous_11)","decl":{"start":{"line":238,"column":2},"end":{"line":238,"column":7}},"loc":{"start":{"line":238,"column":32},"end":{"line":241,"column":3}}},"11":{"name":"(anonymous_12)","decl":{"start":{"line":243,"column":2},"end":{"line":243,"column":7}},"loc":{"start":{"line":243,"column":36},"end":{"line":266,"column":3}}},"12":{"name":"(anonymous_13)","decl":{"start":{"line":268,"column":2},"end":{"line":268,"column":7}},"loc":{"start":{"line":268,"column":56},"end":{"line":299,"column":3}}},"13":{"name":"(anonymous_14)","decl":{"start":{"line":301,"column":10},"end":{"line":301,"column":15}},"loc":{"start":{"line":301,"column":64},"end":{"line":321,"column":3}}},"14":{"name":"(anonymous_15)","decl":{"start":{"line":323,"column":2},"end":{"line":323,"column":7}},"loc":{"start":{"line":323,"column":28},"end":{"line":328,"column":3}}}},"branchMap":{"0":{"loc":{"start":{"line":39,"column":4},"end":{"line":39,"column":38}},"type":"if","locations":[{"start":{"line":39,"column":4},"end":{"line":39,"column":38}},{"start":{},"end":{}}]},"1":{"loc":{"start":{"line":44,"column":4},"end":{"line":50,"column":5}},"type":"switch","locations":[{"start":{"line":45,"column":6},"end":{"line":45,"column":36}},{"start":{"line":46,"column":6},"end":{"line":46,"column":41}},{"start":{"line":47,"column":6},"end":{"line":47,"column":46}},{"start":{"line":48,"column":6},"end":{"line":48,"column":51}},{"start":{"line":49,"column":6},"end":{"line":49,"column":37}}]},"2":{"loc":{"start":{"line":60,"column":4},"end":{"line":62,"column":5}},"type":"if","locations":[{"start":{"line":60,"column":4},"end":{"line":62,"column":5}},{"start":{},"end":{}}]},"3":{"loc":{"start":{"line":79,"column":4},"end":{"line":81,"column":5}},"type":"if","locations":[{"start":{"line":79,"column":4},"end":{"line":81,"column":5}},{"start":{},"end":{}}]},"4":{"loc":{"start":{"line":103,"column":4},"end":{"line":105,"column":5}},"type":"if","locations":[{"start":{"line":103,"column":4},"end":{"line":105,"column":5}},{"start":{},"end":{}}]},"5":{"loc":{"start":{"line":107,"column":4},"end":{"line":109,"column":5}},"type":"if","locations":[{"start":{"line":107,"column":4},"end":{"line":109,"column":5}},{"start":{},"end":{}}]},"6":{"loc":{"start":{"line":111,"column":4},"end":{"line":113,"column":5}},"type":"if","locations":[{"start":{"line":111,"column":4},"end":{"line":113,"column":5}},{"start":{},"end":{}}]},"7":{"loc":{"start":{"line":111,"column":8},"end":{"line":111,"column":97}},"type":"binary-expr","locations":[{"start":{"line":111,"column":8},"end":{"line":111,"column":39}},{"start":{"line":111,"column":43},"end":{"line":111,"column":97}}]},"8":{"loc":{"start":{"line":131,"column":4},"end":{"line":134,"column":5}},"type":"if","locations":[{"start":{"line":131,"column":4},"end":{"line":134,"column":5}},{"start":{},"end":{}}]},"9":{"loc":{"start":{"line":136,"column":4},"end":{"line":138,"column":5}},"type":"if","locations":[{"start":{"line":136,"column":4},"end":{"line":138,"column":5}},{"start":{},"end":{}}]},"10":{"loc":{"start":{"line":161,"column":4},"end":{"line":163,"column":5}},"type":"if","locations":[{"start":{"line":161,"column":4},"end":{"line":163,"column":5}},{"start":{},"end":{}}]},"11":{"loc":{"start":{"line":166,"column":4},"end":{"line":168,"column":5}},"type":"if","locations":[{"start":{"line":166,"column":4},"end":{"line":168,"column":5}},{"start":{},"end":{}}]},"12":{"loc":{"start":{"line":170,"column":4},"end":{"line":172,"column":5}},"type":"if","locations":[{"start":{"line":170,"column":4},"end":{"line":172,"column":5}},{"start":{},"end":{}}]},"13":{"loc":{"start":{"line":194,"column":4},"end":{"line":196,"column":5}},"type":"if","locations":[{"start":{"line":194,"column":4},"end":{"line":196,"column":5}},{"start":{},"end":{}}]},"14":{"loc":{"start":{"line":198,"column":4},"end":{"line":202,"column":5}},"type":"if","locations":[{"start":{"line":198,"column":4},"end":{"line":202,"column":5}},{"start":{},"end":{}}]},"15":{"loc":{"start":{"line":204,"column":4},"end":{"line":206,"column":5}},"type":"if","locations":[{"start":{"line":204,"column":4},"end":{"line":206,"column":5}},{"start":{},"end":{}}]},"16":{"loc":{"start":{"line":213,"column":4},"end":{"line":215,"column":5}},"type":"if","locations":[{"start":{"line":213,"column":4},"end":{"line":215,"column":5}},{"start":{},"end":{}}]},"17":{"loc":{"start":{"line":231,"column":4},"end":{"line":233,"column":5}},"type":"if","locations":[{"start":{"line":231,"column":4},"end":{"line":233,"column":5}},{"start":{},"end":{}}]},"18":{"loc":{"start":{"line":249,"column":4},"end":{"line":251,"column":5}},"type":"if","locations":[{"start":{"line":249,"column":4},"end":{"line":251,"column":5}},{"start":{},"end":{}}]},"19":{"loc":{"start":{"line":278,"column":4},"end":{"line":280,"column":5}},"type":"if","locations":[{"start":{"line":278,"column":4},"end":{"line":280,"column":5}},{"start":{},"end":{}}]},"20":{"loc":{"start":{"line":282,"column":4},"end":{"line":284,"column":5}},"type":"if","locations":[{"start":{"line":282,"column":4},"end":{"line":284,"column":5}},{"start":{},"end":{}}]},"21":{"loc":{"start":{"line":282,"column":8},"end":{"line":282,"column":89}},"type":"binary-expr","locations":[{"start":{"line":282,"column":8},"end":{"line":282,"column":35}},{"start":{"line":282,"column":39},"end":{"line":282,"column":89}}]}},"s":{"0":1,"1":1,"2":1,"3":1,"4":1,"5":1,"6":1,"7":30,"8":36,"9":11,"10":11,"11":0,"12":11,"13":11,"14":11,"15":0,"16":0,"17":0,"18":11,"19":0,"20":19,"21":19,"22":1,"23":18,"24":18,"25":18,"26":18,"27":18,"28":0,"29":18,"30":18,"31":1,"32":1,"33":1,"34":1,"35":0,"36":0,"37":0,"38":0,"39":0,"40":0,"41":0,"42":0,"43":0,"44":0,"45":0,"46":0,"47":0,"48":0,"49":0,"50":0,"51":12,"52":12,"53":1,"54":11,"55":11,"56":1,"57":10,"58":1,"59":9,"60":9,"61":4,"62":4,"63":4,"64":1,"65":3,"66":1,"67":1,"68":2,"69":0,"70":2,"71":2,"72":2,"73":0,"74":2,"75":2,"76":0,"77":0,"78":0,"79":0,"80":0,"81":1,"82":1,"83":2,"84":2,"85":2,"86":1,"87":1,"88":1,"89":1,"90":1,"91":1,"92":1,"93":1,"94":1,"95":1,"96":0,"97":0,"98":0,"99":0,"100":0,"101":0,"102":11,"103":11,"104":11,"105":11,"106":11,"107":11,"108":0,"109":0,"110":1},"f":{"0":1,"1":30,"2":36,"3":11,"4":19,"5":1,"6":0,"7":12,"8":4,"9":0,"10":1,"11":2,"12":1,"13":11,"14":0},"b":{"0":[0,11],"1":[0,0,0,11,0],"2":[1,18],"3":[0,18],"4":[1,0],"5":[0,0],"6":[0,0],"7":[0,0],"8":[0,0],"9":[0,0],"10":[1,11],"11":[1,10],"12":[1,9],"13":[1,3],"14":[1,2],"15":[0,2],"16":[0,2],"17":[0,0],"18":[1,1],"19":[1,0],"20":[0,0],"21":[0,0]}}
,"/home/www/apps/shared-modules/src/auth/index.ts": {"path":"/home/www/apps/shared-modules/src/auth/index.ts","statementMap":{"0":{"start":{"line":1,"column":0},"end":{"line":1,"column":9}},"1":{"start":{"line":1,"column":9},"end":{"line":1,"column":70}},"2":{"start":{"line":2,"column":0},"end":{"line":2,"column":9}},"3":{"start":{"line":2,"column":9},"end":{"line":2,"column":48}},"4":{"start":{"line":3,"column":0},"end":{"line":3,"column":9}},"5":{"start":{"line":3,"column":9},"end":{"line":3,"column":54}}},"fnMap":{"0":{"name":"(anonymous_0)","decl":{"start":{"line":1,"column":9},"end":{"line":1,"column":19}},"loc":{"start":{"line":1,"column":9},"end":{"line":1,"column":70}}},"1":{"name":"(anonymous_1)","decl":{"start":{"line":2,"column":9},"end":{"line":2,"column":20}},"loc":{"start":{"line":2,"column":9},"end":{"line":2,"column":48}}},"2":{"name":"(anonymous_2)","decl":{"start":{"line":3,"column":9},"end":{"line":3,"column":27}},"loc":{"start":{"line":3,"column":9},"end":{"line":3,"column":54}}}},"branchMap":{},"s":{"0":1,"1":2,"2":1,"3":1,"4":1,"5":1},"f":{"0":1,"1":0,"2":0},"b":{}}
,"/home/www/apps/shared-modules/src/database/config.ts": {"path":"/home/www/apps/shared-modules/src/database/config.ts","statementMap":{"0":{"start":{"line":25,"column":0},"end":{"line":25,"column":7}},"1":{"start":{"line":30,"column":0},"end":{"line":30,"column":7}},"2":{"start":{"line":35,"column":0},"end":{"line":35,"column":7}},"3":{"start":{"line":1,"column":0},"end":{"line":1,"column":20}},"4":{"start":{"line":2,"column":0},"end":{"line":2,"column":28}},"5":{"start":{"line":5,"column":0},"end":{"line":5,"column":16}},"6":{"start":{"line":7,"column":17},"end":{"line":7,"column":19}},"7":{"start":{"line":9,"column":13},"end":{"line":18,"column":3}},"8":{"start":{"line":20,"column":0},"end":{"line":23,"column":3}},"9":{"start":{"line":21,"column":2},"end":{"line":21,"column":56}},"10":{"start":{"line":22,"column":2},"end":{"line":22,"column":19}},"11":{"start":{"line":26,"column":17},"end":{"line":26,"column":47}},"12":{"start":{"line":27,"column":2},"end":{"line":27,"column":28}},"13":{"start":{"line":31,"column":17},"end":{"line":31,"column":47}},"14":{"start":{"line":32,"column":2},"end":{"line":32,"column":39}},"15":{"start":{"line":36,"column":17},"end":{"line":36,"column":47}},"16":{"start":{"line":37,"column":2},"end":{"line":37,"column":30}}},"fnMap":{"0":{"name":"(anonymous_1)","decl":{"start":{"line":20,"column":17},"end":{"line":20,"column":18}},"loc":{"start":{"line":20,"column":25},"end":{"line":23,"column":1}}},"1":{"name":"query","decl":{"start":{"line":25,"column":22},"end":{"line":25,"column":27}},"loc":{"start":{"line":25,"column":63},"end":{"line":28,"column":1}}},"2":{"name":"queryOne","decl":{"start":{"line":30,"column":22},"end":{"line":30,"column":30}},"loc":{"start":{"line":30,"column":66},"end":{"line":33,"column":1}}},"3":{"name":"execute","decl":{"start":{"line":35,"column":22},"end":{"line":35,"column":29}},"loc":{"start":{"line":35,"column":62},"end":{"line":38,"column":1}}}},"branchMap":{"0":{"loc":{"start":{"line":10,"column":8},"end":{"line":10,"column":42}},"type":"binary-expr","locations":[{"start":{"line":10,"column":8},"end":{"line":10,"column":27}},{"start":{"line":10,"column":31},"end":{"line":10,"column":42}}]},"1":{"loc":{"start":{"line":11,"column":17},"end":{"line":11,"column":46}},"type":"binary-expr","locations":[{"start":{"line":11,"column":17},"end":{"line":11,"column":36}},{"start":{"line":11,"column":40},"end":{"line":11,"column":46}}]},"2":{"loc":{"start":{"line":12,"column":12},"end":{"line":12,"column":51}},"type":"binary-expr","locations":[{"start":{"line":12,"column":12},"end":{"line":12,"column":31}},{"start":{"line":12,"column":35},"end":{"line":12,"column":51}}]},"3":{"loc":{"start":{"line":13,"column":8},"end":{"line":13,"column":41}},"type":"binary-expr","locations":[{"start":{"line":13,"column":8},"end":{"line":13,"column":27}},{"start":{"line":13,"column":31},"end":{"line":13,"column":41}}]},"4":{"loc":{"start":{"line":14,"column":12},"end":{"line":14,"column":49}},"type":"binary-expr","locations":[{"start":{"line":14,"column":12},"end":{"line":14,"column":35}},{"start":{"line":14,"column":39},"end":{"line":14,"column":49}}]},"5":{"loc":{"start":{"line":32,"column":10},"end":{"line":32,"column":38}},"type":"binary-expr","locations":[{"start":{"line":32,"column":10},"end":{"line":32,"column":30}},{"start":{"line":32,"column":34},"end":{"line":32,"column":38}}]},"6":{"loc":{"start":{"line":37,"column":9},"end":{"line":37,"column":29}},"type":"binary-expr","locations":[{"start":{"line":37,"column":9},"end":{"line":37,"column":24}},{"start":{"line":37,"column":28},"end":{"line":37,"column":29}}]}},"s":{"0":1,"1":1,"2":1,"3":1,"4":1,"5":1,"6":1,"7":1,"8":1,"9":0,"10":0,"11":0,"12":0,"13":60,"14":60,"15":30,"16":30},"f":{"0":0,"1":0,"2":60,"3":30},"b":{"0":[1,0],"1":[1,0],"2":[1,0],"3":[1,0],"4":[1,0],"5":[60,23],"6":[30,0]}}
,"/home/www/apps/shared-modules/src/database/migrate.ts": {"path":"/home/www/apps/shared-modules/src/database/migrate.ts","statementMap":{"0":{"start":{"line":1,"column":0},"end":{"line":1,"column":35}},"1":{"start":{"line":3,"column":19},"end":{"line":50,"column":2}},"2":{"start":{"line":53,"column":2},"end":{"line":53,"column":48}},"3":{"start":{"line":55,"column":2},"end":{"line":63,"column":3}},"4":{"start":{"line":56,"column":4},"end":{"line":56,"column":33}},"5":{"start":{"line":57,"column":4},"end":{"line":57,"column":54}},"6":{"start":{"line":59,"column":4},"end":{"line":59,"column":46}},"7":{"start":{"line":60,"column":4},"end":{"line":60,"column":20}},"8":{"start":{"line":62,"column":4},"end":{"line":62,"column":21}},"9":{"start":{"line":66,"column":0},"end":{"line":66,"column":10}}},"fnMap":{"0":{"name":"migrate","decl":{"start":{"line":52,"column":15},"end":{"line":52,"column":22}},"loc":{"start":{"line":52,"column":22},"end":{"line":64,"column":1}}}},"branchMap":{},"s":{"0":0,"1":0,"2":0,"3":0,"4":0,"5":0,"6":0,"7":0,"8":0,"9":0},"f":{"0":0},"b":{}}
,"/home/www/apps/shared-modules/src/email/brevo.ts": {"path":"/home/www/apps/shared-modules/src/email/brevo.ts","statementMap":{"0":{"start":{"line":20,"column":0},"end":{"line":20,"column":7}},"1":{"start":{"line":41,"column":0},"end":{"line":41,"column":7}},"2":{"start":{"line":81,"column":0},"end":{"line":81,"column":7}},"3":{"start":{"line":1,"column":0},"end":{"line":1,"column":41}},"4":{"start":{"line":2,"column":0},"end":{"line":2,"column":28}},"5":{"start":{"line":5,"column":0},"end":{"line":5,"column":16}},"6":{"start":{"line":7,"column":20},"end":{"line":7,"column":54}},"7":{"start":{"line":8,"column":0},"end":{"line":11,"column":2}},"8":{"start":{"line":21,"column":24},"end":{"line":21,"column":49}},"9":{"start":{"line":23,"column":2},"end":{"line":23,"column":42}},"10":{"start":{"line":24,"column":2},"end":{"line":24,"column":50}},"11":{"start":{"line":25,"column":2},"end":{"line":25,"column":50}},"12":{"start":{"line":26,"column":2},"end":{"line":29,"column":4}},"13":{"start":{"line":30,"column":2},"end":{"line":30,"column":45}},"14":{"start":{"line":32,"column":2},"end":{"line":38,"column":3}},"15":{"start":{"line":33,"column":4},"end":{"line":33,"column":54}},"16":{"start":{"line":34,"column":4},"end":{"line":34,"column":16}},"17":{"start":{"line":36,"column":4},"end":{"line":36,"column":50}},"18":{"start":{"line":37,"column":4},"end":{"line":37,"column":17}},"19":{"start":{"line":46,"column":26},"end":{"line":46,"column":70}},"20":{"start":{"line":48,"column":2},"end":{"line":78,"column":5}},"21":{"start":{"line":86,"column":19},"end":{"line":86,"column":65}},"22":{"start":{"line":88,"column":2},"end":{"line":118,"column":5}}},"fnMap":{"0":{"name":"sendEmail","decl":{"start":{"line":20,"column":22},"end":{"line":20,"column":31}},"loc":{"start":{"line":20,"column":53},"end":{"line":39,"column":1}}},"1":{"name":"sendVerificationEmail","decl":{"start":{"line":41,"column":22},"end":{"line":41,"column":43}},"loc":{"start":{"line":44,"column":16},"end":{"line":79,"column":1}}},"2":{"name":"sendPasswordResetEmail","decl":{"start":{"line":81,"column":22},"end":{"line":81,"column":44}},"loc":{"start":{"line":84,"column":16},"end":{"line":119,"column":1}}}},"branchMap":{"0":{"loc":{"start":{"line":10,"column":2},"end":{"line":10,"column":33}},"type":"binary-expr","locations":[{"start":{"line":10,"column":2},"end":{"line":10,"column":27}},{"start":{"line":10,"column":31},"end":{"line":10,"column":33}}]},"1":{"loc":{"start":{"line":27,"column":10},"end":{"line":27,"column":46}},"type":"binary-expr","locations":[{"start":{"line":27,"column":10},"end":{"line":27,"column":37}},{"start":{"line":27,"column":41},"end":{"line":27,"column":46}}]},"2":{"loc":{"start":{"line":28,"column":11},"end":{"line":28,"column":66}},"type":"binary-expr","locations":[{"start":{"line":28,"column":11},"end":{"line":28,"column":41}},{"start":{"line":28,"column":45},"end":{"line":28,"column":66}}]}},"s":{"0":1,"1":1,"2":1,"3":1,"4":1,"5":1,"6":1,"7":1,"8":19,"9":19,"10":19,"11":19,"12":19,"13":19,"14":19,"15":19,"16":19,"17":0,"18":0,"19":18,"20":18,"21":1,"22":1},"f":{"0":19,"1":18,"2":1},"b":{"0":[1,0],"1":[19,0],"2":[19,0]}}
}
