TN:
SF:src/index.ts
FN:2,(anonymous_0)
FN:2,(anonymous_1)
FN:2,(anonymous_2)
FN:6,(anonymous_3)
FN:6,(anonymous_4)
FN:6,(anonymous_5)
FN:6,(anonymous_6)
FN:9,(anonymous_7)
FN:9,(anonymous_8)
FN:9,(anonymous_9)
FNF:10
FNH:0
FNDA:0,(anonymous_0)
FNDA:0,(anonymous_1)
FNDA:0,(anonymous_2)
FNDA:0,(anonymous_3)
FNDA:0,(anonymous_4)
FNDA:0,(anonymous_5)
FNDA:0,(anonymous_6)
FNDA:0,(anonymous_7)
FNDA:0,(anonymous_8)
FNDA:0,(anonymous_9)
DA:2,0
DA:6,0
DA:9,0
LF:3
LH:0
BRF:0
BRH:0
end_of_record
TN:
SF:src/auth/auth.plugin.ts
FN:29,authPlugin
FN:50,(anonymous_2)
FNF:2
FNH:2
FNDA:1,authPlugin
FNDA:5,(anonymous_2)
DA:2,1
DA:3,1
DA:4,1
DA:29,1
DA:30,1
DA:39,1
DA:44,1
DA:50,1
DA:51,5
DA:52,5
DA:54,3
DA:59,1
DA:62,1
LF:13
LH:13
BRDA:32,0,0,1
BRDA:32,0,1,0
BRDA:33,1,0,1
BRDA:33,1,1,0
BRDA:34,2,0,1
BRDA:34,2,1,0
BRDA:45,3,0,1
BRDA:45,3,1,0
BRF:8
BRH:4
end_of_record
TN:
SF:src/auth/auth.routes.ts
FN:76,registerAuthRoutes
FN:79,(anonymous_1)
FN:81,(anonymous_2)
FN:88,(anonymous_3)
FN:104,(anonymous_4)
FN:120,(anonymous_5)
FN:131,(anonymous_6)
FN:163,(anonymous_7)
FN:201,(anonymous_8)
FN:212,(anonymous_9)
FN:227,(anonymous_10)
FN:243,(anonymous_11)
FN:256,(anonymous_12)
FNF:13
FNH:11
FNDA:1,registerAuthRoutes
FNDA:11,(anonymous_1)
FNDA:0,(anonymous_2)
FNDA:19,(anonymous_3)
FNDA:1,(anonymous_4)
FNDA:0,(anonymous_5)
FNDA:12,(anonymous_6)
FNDA:4,(anonymous_7)
FNDA:2,(anonymous_8)
FNDA:1,(anonymous_9)
FNDA:1,(anonymous_10)
FNDA:1,(anonymous_11)
FNDA:1,(anonymous_12)
DA:2,1
DA:13,1
DA:24,1
DA:35,1
DA:45,1
DA:56,1
DA:66,1
DA:76,1
DA:77,1
DA:80,11
DA:81,0
DA:85,1
DA:89,19
DA:90,19
DA:92,19
DA:93,1
DA:96,18
DA:101,1
DA:105,1
DA:106,1
DA:108,1
DA:109,1
DA:112,0
DA:117,1
DA:121,0
DA:122,0
DA:123,0
DA:128,1
DA:132,12
DA:133,12
DA:135,12
DA:136,3
DA:140,9
DA:141,9
DA:150,9
DA:160,1
DA:165,4
DA:167,4
DA:168,0
DA:171,4
DA:173,4
DA:174,2
DA:175,2
DA:179,2
DA:180,2
DA:189,2
DA:198,1
DA:202,2
DA:203,2
DA:204,2
DA:209,1
DA:213,1
DA:214,1
DA:216,1
DA:217,1
DA:220,0
DA:225,1
DA:228,1
DA:230,1
DA:231,0
DA:234,1
DA:235,1
DA:240,1
DA:244,1
DA:245,1
DA:247,1
DA:248,1
DA:253,1
DA:257,1
LF:69
LH:61
BRDA:92,0,0,1
BRDA:92,0,1,18
BRDA:108,1,0,1
BRDA:108,1,1,0
BRDA:135,2,0,3
BRDA:135,2,1,9
BRDA:140,3,0,9
BRDA:140,3,1,0
BRDA:165,4,0,4
BRDA:165,4,1,4
BRDA:167,5,0,0
BRDA:167,5,1,4
BRDA:173,6,0,2
BRDA:173,6,1,2
BRDA:179,7,0,2
BRDA:179,7,1,0
BRDA:216,8,0,1
BRDA:216,8,1,0
BRDA:230,9,0,0
BRDA:230,9,1,1
BRF:20
BRH:14
end_of_record
TN:
SF:src/auth/auth.service.ts
FN:19,(anonymous_1)
FN:29,(anonymous_2)
FN:33,(anonymous_3)
FN:37,(anonymous_4)
FN:53,(anonymous_5)
FN:93,(anonymous_6)
FN:125,(anonymous_7)
FN:155,(anonymous_8)
FN:184,(anonymous_9)
FN:223,(anonymous_10)
FN:238,(anonymous_11)
FN:243,(anonymous_12)
FN:268,(anonymous_13)
FN:301,(anonymous_14)
FN:323,(anonymous_15)
FNF:15
FNH:12
FNDA:1,(anonymous_1)
FNDA:30,(anonymous_2)
FNDA:36,(anonymous_3)
FNDA:11,(anonymous_4)
FNDA:19,(anonymous_5)
FNDA:1,(anonymous_6)
FNDA:0,(anonymous_7)
FNDA:12,(anonymous_8)
FNDA:4,(anonymous_9)
FNDA:0,(anonymous_10)
FNDA:1,(anonymous_11)
FNDA:2,(anonymous_12)
FNDA:1,(anonymous_13)
FNDA:11,(anonymous_14)
FNDA:0,(anonymous_15)
DA:1,1
DA:3,1
DA:4,1
DA:5,1
DA:14,1
DA:24,1
DA:25,1
DA:26,1
DA:30,30
DA:34,36
DA:38,11
DA:39,11
DA:41,11
DA:42,11
DA:44,11
DA:45,0
DA:46,0
DA:47,0
DA:48,11
DA:49,0
DA:55,19
DA:60,19
DA:61,1
DA:65,18
DA:68,18
DA:69,18
DA:72,18
DA:79,18
DA:80,0
DA:84,18
DA:86,18
DA:94,1
DA:96,1
DA:103,1
DA:104,1
DA:107,0
DA:108,0
DA:111,0
DA:112,0
DA:115,0
DA:122,0
DA:126,0
DA:131,0
DA:133,0
DA:136,0
DA:137,0
DA:140,0
DA:141,0
DA:143,0
DA:150,0
DA:152,0
DA:156,12
DA:161,12
DA:162,1
DA:165,11
DA:166,11
DA:167,1
DA:170,10
DA:171,1
DA:174,9
DA:176,9
DA:185,4
DA:187,4
DA:194,4
DA:195,1
DA:198,3
DA:200,1
DA:201,1
DA:204,2
DA:205,0
DA:209,2
DA:212,2
DA:213,2
DA:214,0
DA:218,2
DA:220,2
DA:224,0
DA:226,0
DA:231,0
DA:232,0
DA:235,0
DA:239,1
DA:240,1
DA:244,2
DA:247,2
DA:249,2
DA:250,1
DA:253,1
DA:254,1
DA:256,1
DA:263,1
DA:265,1
DA:269,1
DA:271,1
DA:278,1
DA:279,1
DA:282,0
DA:283,0
DA:286,0
DA:288,0
DA:296,0
DA:298,0
DA:303,11
DA:309,11
DA:310,11
DA:311,11
DA:314,11
DA:320,11
DA:324,0
DA:327,0
LF:110
LH:74
BRDA:39,0,0,0
BRDA:39,0,1,11
BRDA:44,1,0,0
BRDA:44,1,1,0
BRDA:44,1,2,0
BRDA:44,1,3,11
BRDA:44,1,4,0
BRDA:60,2,0,1
BRDA:60,2,1,18
BRDA:79,3,0,0
BRDA:79,3,1,18
BRDA:103,4,0,1
BRDA:103,4,1,0
BRDA:107,5,0,0
BRDA:107,5,1,0
BRDA:111,6,0,0
BRDA:111,6,1,0
BRDA:111,7,0,0
BRDA:111,7,1,0
BRDA:131,8,0,0
BRDA:131,8,1,0
BRDA:136,9,0,0
BRDA:136,9,1,0
BRDA:161,10,0,1
BRDA:161,10,1,11
BRDA:166,11,0,1
BRDA:166,11,1,10
BRDA:170,12,0,1
BRDA:170,12,1,9
BRDA:194,13,0,1
BRDA:194,13,1,3
BRDA:198,14,0,1
BRDA:198,14,1,2
BRDA:204,15,0,0
BRDA:204,15,1,2
BRDA:213,16,0,0
BRDA:213,16,1,2
BRDA:231,17,0,0
BRDA:231,17,1,0
BRDA:249,18,0,1
BRDA:249,18,1,1
BRDA:278,19,0,1
BRDA:278,19,1,0
BRDA:282,20,0,0
BRDA:282,20,1,0
BRDA:282,21,0,0
BRDA:282,21,1,0
BRF:47
BRH:21
end_of_record
TN:
SF:src/auth/index.ts
FN:1,(anonymous_0)
FN:2,(anonymous_1)
FN:3,(anonymous_2)
FNF:3
FNH:1
FNDA:1,(anonymous_0)
FNDA:0,(anonymous_1)
FNDA:0,(anonymous_2)
DA:1,2
DA:2,1
DA:3,1
LF:3
LH:3
BRF:0
BRH:0
end_of_record
TN:
SF:src/database/config.ts
FN:20,(anonymous_1)
FN:25,query
FN:30,queryOne
FN:35,execute
FNF:4
FNH:2
FNDA:0,(anonymous_1)
FNDA:0,query
FNDA:60,queryOne
FNDA:30,execute
DA:1,1
DA:2,1
DA:5,1
DA:7,1
DA:9,1
DA:20,1
DA:21,0
DA:22,0
DA:25,1
DA:26,0
DA:27,0
DA:30,1
DA:31,60
DA:32,60
DA:35,1
DA:36,30
DA:37,30
LF:17
LH:13
BRDA:10,0,0,1
BRDA:10,0,1,0
BRDA:11,1,0,1
BRDA:11,1,1,0
BRDA:12,2,0,1
BRDA:12,2,1,0
BRDA:13,3,0,1
BRDA:13,3,1,0
BRDA:14,4,0,1
BRDA:14,4,1,0
BRDA:32,5,0,60
BRDA:32,5,1,23
BRDA:37,6,0,30
BRDA:37,6,1,0
BRF:14
BRH:8
end_of_record
TN:
SF:src/database/migrate.ts
FN:52,migrate
FNF:1
FNH:0
FNDA:0,migrate
DA:1,0
DA:3,0
DA:53,0
DA:55,0
DA:56,0
DA:57,0
DA:59,0
DA:60,0
DA:62,0
DA:66,0
LF:10
LH:0
BRF:0
BRH:0
end_of_record
TN:
SF:src/email/brevo.ts
FN:20,sendEmail
FN:41,sendVerificationEmail
FN:81,sendPasswordResetEmail
FNF:3
FNH:3
FNDA:19,sendEmail
FNDA:18,sendVerificationEmail
FNDA:1,sendPasswordResetEmail
DA:1,1
DA:2,1
DA:5,1
DA:7,1
DA:8,1
DA:20,1
DA:21,19
DA:23,19
DA:24,19
DA:25,19
DA:26,19
DA:30,19
DA:32,19
DA:33,19
DA:34,19
DA:36,0
DA:37,0
DA:41,1
DA:46,18
DA:48,18
DA:81,1
DA:86,1
DA:88,1
LF:23
LH:21
BRDA:10,0,0,1
BRDA:10,0,1,0
BRDA:27,1,0,19
BRDA:27,1,1,0
BRDA:28,2,0,19
BRDA:28,2,1,0
BRF:6
BRH:3
end_of_record
